<?xml version="1.0" encoding="UTF-8"?>
<coverage generated="1764573370">
  <project timestamp="1764573370" name="Clover Coverage">
    <package name="App\Console\Commands">
      <file name="C:\Mgahed\projects\wamp64\www\getpayin\flashSaleCheckout\app\Console\Commands\ExpireHoldsCommand.php">
        <class name="App\Console\Commands\ExpireHoldsCommand" namespace="App\Console\Commands">
          <metrics complexity="3" methods="1" coveredmethods="0" conditionals="0" coveredconditionals="0" statements="16" coveredstatements="14" elements="17" coveredelements="14"/>
        </class>
        <line num="29" type="method" name="handle" visibility="public" complexity="3" crap="3.02" count="1"/>
        <line num="31" type="stmt" count="1"/>
        <line num="33" type="stmt" count="1"/>
        <line num="34" type="stmt" count="1"/>
        <line num="36" type="stmt" count="1"/>
        <line num="37" type="stmt" count="0"/>
        <line num="38" type="stmt" count="0"/>
        <line num="41" type="stmt" count="1"/>
        <line num="43" type="stmt" count="1"/>
        <line num="44" type="stmt" count="1"/>
        <line num="46" type="stmt" count="1"/>
        <line num="47" type="stmt" count="1"/>
        <line num="48" type="stmt" count="1"/>
        <line num="49" type="stmt" count="1"/>
        <line num="50" type="stmt" count="1"/>
        <line num="53" type="stmt" count="1"/>
        <line num="54" type="stmt" count="1"/>
        <metrics loc="58" ncloc="45" classes="1" methods="1" coveredmethods="0" conditionals="0" coveredconditionals="0" statements="16" coveredstatements="14" elements="17" coveredelements="14"/>
      </file>
    </package>
    <package name="App\Http\Controllers\Api">
      <file name="C:\Mgahed\projects\wamp64\www\getpayin\flashSaleCheckout\app\Http\Controllers\Api\HoldController.php">
        <class name="App\Http\Controllers\Api\HoldController" namespace="App\Http\Controllers\Api">
          <metrics complexity="4" methods="2" coveredmethods="2" conditionals="0" coveredconditionals="0" statements="22" coveredstatements="22" elements="24" coveredelements="24"/>
        </class>
        <line num="13" type="method" name="__construct" visibility="public" complexity="1" crap="1" count="28"/>
        <line num="15" type="stmt" count="28"/>
        <line num="20" type="method" name="store" visibility="public" complexity="3" crap="3" count="28"/>
        <line num="22" type="stmt" count="28"/>
        <line num="23" type="stmt" count="28"/>
        <line num="24" type="stmt" count="28"/>
        <line num="25" type="stmt" count="28"/>
        <line num="27" type="stmt" count="28"/>
        <line num="28" type="stmt" count="1"/>
        <line num="29" type="stmt" count="1"/>
        <line num="30" type="stmt" count="1"/>
        <line num="31" type="stmt" count="1"/>
        <line num="35" type="stmt" count="27"/>
        <line num="36" type="stmt" count="27"/>
        <line num="37" type="stmt" count="27"/>
        <line num="38" type="stmt" count="27"/>
        <line num="40" type="stmt" count="24"/>
        <line num="41" type="stmt" count="24"/>
        <line num="42" type="stmt" count="24"/>
        <line num="43" type="stmt" count="24"/>
        <line num="44" type="stmt" count="17"/>
        <line num="45" type="stmt" count="17"/>
        <line num="46" type="stmt" count="17"/>
        <line num="47" type="stmt" count="17"/>
        <metrics loc="52" ncloc="49" classes="1" methods="2" coveredmethods="2" conditionals="0" coveredconditionals="0" statements="22" coveredstatements="22" elements="24" coveredelements="24"/>
      </file>
      <file name="C:\Mgahed\projects\wamp64\www\getpayin\flashSaleCheckout\app\Http\Controllers\Api\OrderController.php">
        <class name="App\Http\Controllers\Api\OrderController" namespace="App\Http\Controllers\Api">
          <metrics complexity="4" methods="2" coveredmethods="1" conditionals="0" coveredconditionals="0" statements="24" coveredstatements="20" elements="26" coveredelements="21"/>
        </class>
        <line num="14" type="method" name="__construct" visibility="public" complexity="1" crap="1" count="18"/>
        <line num="17" type="stmt" count="18"/>
        <line num="22" type="method" name="store" visibility="public" complexity="3" crap="3.05" count="18"/>
        <line num="24" type="stmt" count="18"/>
        <line num="25" type="stmt" count="18"/>
        <line num="26" type="stmt" count="18"/>
        <line num="28" type="stmt" count="18"/>
        <line num="29" type="stmt" count="0"/>
        <line num="30" type="stmt" count="0"/>
        <line num="31" type="stmt" count="0"/>
        <line num="32" type="stmt" count="0"/>
        <line num="36" type="stmt" count="18"/>
        <line num="37" type="stmt" count="18"/>
        <line num="38" type="stmt" count="18"/>
        <line num="41" type="stmt" count="15"/>
        <line num="43" type="stmt" count="15"/>
        <line num="44" type="stmt" count="15"/>
        <line num="45" type="stmt" count="15"/>
        <line num="46" type="stmt" count="15"/>
        <line num="47" type="stmt" count="15"/>
        <line num="48" type="stmt" count="15"/>
        <line num="49" type="stmt" count="15"/>
        <line num="50" type="stmt" count="3"/>
        <line num="51" type="stmt" count="3"/>
        <line num="52" type="stmt" count="3"/>
        <line num="53" type="stmt" count="3"/>
        <metrics loc="58" ncloc="54" classes="1" methods="2" coveredmethods="1" conditionals="0" coveredconditionals="0" statements="24" coveredstatements="20" elements="26" coveredelements="21"/>
      </file>
      <file name="C:\Mgahed\projects\wamp64\www\getpayin\flashSaleCheckout\app\Http\Controllers\Api\PaymentWebhookController.php">
        <class name="App\Http\Controllers\Api\PaymentWebhookController" namespace="App\Http\Controllers\Api">
          <metrics complexity="4" methods="2" coveredmethods="1" conditionals="0" coveredconditionals="0" statements="17" coveredstatements="13" elements="19" coveredelements="14"/>
        </class>
        <line num="13" type="method" name="__construct" visibility="public" complexity="1" crap="1" count="16"/>
        <line num="15" type="stmt" count="16"/>
        <line num="20" type="method" name="handle" visibility="public" complexity="3" crap="3.14" count="16"/>
        <line num="22" type="stmt" count="16"/>
        <line num="23" type="stmt" count="16"/>
        <line num="24" type="stmt" count="16"/>
        <line num="25" type="stmt" count="16"/>
        <line num="26" type="stmt" count="16"/>
        <line num="28" type="stmt" count="16"/>
        <line num="29" type="stmt" count="1"/>
        <line num="30" type="stmt" count="1"/>
        <line num="31" type="stmt" count="1"/>
        <line num="32" type="stmt" count="1"/>
        <line num="36" type="stmt" count="15"/>
        <line num="37" type="stmt" count="15"/>
        <line num="38" type="stmt" count="0"/>
        <line num="39" type="stmt" count="0"/>
        <line num="40" type="stmt" count="0"/>
        <line num="41" type="stmt" count="0"/>
        <metrics loc="46" ncloc="43" classes="1" methods="2" coveredmethods="1" conditionals="0" coveredconditionals="0" statements="17" coveredstatements="13" elements="19" coveredelements="14"/>
      </file>
      <file name="C:\Mgahed\projects\wamp64\www\getpayin\flashSaleCheckout\app\Http\Controllers\Api\ProductController.php">
        <class name="App\Http\Controllers\Api\ProductController" namespace="App\Http\Controllers\Api">
          <metrics complexity="4" methods="2" coveredmethods="1" conditionals="0" coveredconditionals="0" statements="7" coveredstatements="5" elements="9" coveredelements="6"/>
        </class>
        <line num="11" type="method" name="__construct" visibility="public" complexity="1" crap="1" count="4"/>
        <line num="13" type="stmt" count="4"/>
        <line num="18" type="method" name="show" visibility="public" complexity="3" crap="3.33" count="4"/>
        <line num="21" type="stmt" count="4"/>
        <line num="22" type="stmt" count="3"/>
        <line num="23" type="stmt" count="1"/>
        <line num="24" type="stmt" count="1"/>
        <line num="25" type="stmt" count="0"/>
        <line num="26" type="stmt" count="0"/>
        <metrics loc="31" ncloc="28" classes="1" methods="2" coveredmethods="1" conditionals="0" coveredconditionals="0" statements="7" coveredstatements="5" elements="9" coveredelements="6"/>
      </file>
    </package>
    <package name="App\Http\Controllers">
      <file name="C:\Mgahed\projects\wamp64\www\getpayin\flashSaleCheckout\app\Http\Controllers\Controller.php">
        <class name="App\Http\Controllers\Controller" namespace="App\Http\Controllers">
          <metrics complexity="0" methods="0" coveredmethods="0" conditionals="0" coveredconditionals="0" statements="0" coveredstatements="0" elements="0" coveredelements="0"/>
        </class>
        <metrics loc="9" ncloc="8" classes="0" methods="0" coveredmethods="0" conditionals="0" coveredconditionals="0" statements="0" coveredstatements="0" elements="0" coveredelements="0"/>
      </file>
    </package>
    <package name="App\Jobs">
      <file name="C:\Mgahed\projects\wamp64\www\getpayin\flashSaleCheckout\app\Jobs\ReleaseHoldJob.php">
        <class name="App\Jobs\ReleaseHoldJob" namespace="App\Jobs">
          <metrics complexity="5" methods="3" coveredmethods="1" conditionals="0" coveredconditionals="0" statements="13" coveredstatements="6" elements="16" coveredelements="7"/>
        </class>
        <line num="23" type="method" name="__construct" visibility="public" complexity="1" crap="1" count="1"/>
        <line num="25" type="stmt" count="1"/>
        <line num="30" type="method" name="uniqueId" visibility="public" complexity="1" crap="2" count="0"/>
        <line num="32" type="stmt" count="0"/>
        <line num="38" type="method" name="handle" visibility="public" complexity="3" crap="4.46" count="1"/>
        <line num="40" type="stmt" count="1"/>
        <line num="43" type="stmt" count="1"/>
        <line num="45" type="stmt" count="1"/>
        <line num="46" type="stmt" count="1"/>
        <line num="48" type="stmt" count="1"/>
        <line num="50" type="stmt" count="0"/>
        <line num="51" type="stmt" count="0"/>
        <line num="52" type="stmt" count="0"/>
        <line num="53" type="stmt" count="0"/>
        <line num="54" type="stmt" count="0"/>
        <line num="55" type="stmt" count="0"/>
        <metrics loc="60" ncloc="51" classes="1" methods="3" coveredmethods="1" conditionals="0" coveredconditionals="0" statements="13" coveredstatements="6" elements="16" coveredelements="7"/>
      </file>
    </package>
    <package name="App\Models">
      <file name="C:\Mgahed\projects\wamp64\www\getpayin\flashSaleCheckout\app\Models\Hold.php">
        <class name="App\Models\Hold" namespace="App\Models">
          <metrics complexity="6" methods="4" coveredmethods="4" conditionals="0" coveredconditionals="0" statements="6" coveredstatements="6" elements="10" coveredelements="10"/>
        </class>
        <line num="32" type="method" name="product" visibility="public" complexity="1" crap="1" count="18"/>
        <line num="34" type="stmt" count="18"/>
        <line num="40" type="method" name="order" visibility="public" complexity="1" crap="1" count="28"/>
        <line num="42" type="stmt" count="28"/>
        <line num="48" type="method" name="isExpired" visibility="public" complexity="1" crap="1" count="16"/>
        <line num="50" type="stmt" count="16"/>
        <line num="56" type="method" name="isValid" visibility="public" complexity="3" crap="3" count="18"/>
        <line num="58" type="stmt" count="18"/>
        <line num="59" type="stmt" count="18"/>
        <line num="60" type="stmt" count="18"/>
        <metrics loc="64" ncloc="51" classes="1" methods="4" coveredmethods="4" conditionals="0" coveredconditionals="0" statements="6" coveredstatements="6" elements="10" coveredelements="10"/>
      </file>
      <file name="C:\Mgahed\projects\wamp64\www\getpayin\flashSaleCheckout\app\Models\Order.php">
        <class name="App\Models\Order" namespace="App\Models">
          <metrics complexity="1" methods="1" coveredmethods="1" conditionals="0" coveredconditionals="0" statements="1" coveredstatements="1" elements="2" coveredelements="2"/>
        </class>
        <line num="25" type="method" name="hold" visibility="public" complexity="1" crap="1" count="10"/>
        <line num="27" type="stmt" count="10"/>
        <metrics loc="31" ncloc="28" classes="1" methods="1" coveredmethods="1" conditionals="0" coveredconditionals="0" statements="1" coveredstatements="1" elements="2" coveredelements="2"/>
      </file>
      <file name="C:\Mgahed\projects\wamp64\www\getpayin\flashSaleCheckout\app\Models\Product.php">
        <class name="App\Models\Product" namespace="App\Models">
          <metrics complexity="2" methods="2" coveredmethods="2" conditionals="0" coveredconditionals="0" statements="15" coveredstatements="15" elements="17" coveredelements="17"/>
        </class>
        <line num="28" type="method" name="holds" visibility="public" complexity="1" crap="1" count="28"/>
        <line num="30" type="stmt" count="28"/>
        <line num="41" type="method" name="calculateAvailableStock" visibility="public" complexity="1" crap="1" count="28"/>
        <line num="44" type="stmt" count="28"/>
        <line num="45" type="stmt" count="28"/>
        <line num="46" type="stmt" count="28"/>
        <line num="47" type="stmt" count="28"/>
        <line num="48" type="stmt" count="28"/>
        <line num="52" type="stmt" count="28"/>
        <line num="53" type="stmt" count="28"/>
        <line num="54" type="stmt" count="28"/>
        <line num="55" type="stmt" count="28"/>
        <line num="56" type="stmt" count="28"/>
        <line num="57" type="stmt" count="28"/>
        <line num="58" type="stmt" count="28"/>
        <line num="60" type="stmt" count="28"/>
        <line num="62" type="stmt" count="28"/>
        <metrics loc="66" ncloc="52" classes="1" methods="2" coveredmethods="2" conditionals="0" coveredconditionals="0" statements="15" coveredstatements="15" elements="17" coveredelements="17"/>
      </file>
      <file name="C:\Mgahed\projects\wamp64\www\getpayin\flashSaleCheckout\app\Models\User.php">
        <class name="App\Models\User" namespace="App\Models">
          <metrics complexity="1" methods="1" coveredmethods="0" conditionals="0" coveredconditionals="0" statements="4" coveredstatements="0" elements="5" coveredelements="0"/>
        </class>
        <line num="41" type="method" name="casts" visibility="protected" complexity="1" crap="2" count="0"/>
        <line num="43" type="stmt" count="0"/>
        <line num="44" type="stmt" count="0"/>
        <line num="45" type="stmt" count="0"/>
        <line num="46" type="stmt" count="0"/>
        <metrics loc="49" ncloc="32" classes="1" methods="1" coveredmethods="0" conditionals="0" coveredconditionals="0" statements="4" coveredstatements="0" elements="5" coveredelements="0"/>
      </file>
      <file name="C:\Mgahed\projects\wamp64\www\getpayin\flashSaleCheckout\app\Models\WebhookLog.php">
        <class name="App\Models\WebhookLog" namespace="App\Models">
          <metrics complexity="0" methods="0" coveredmethods="0" conditionals="0" coveredconditionals="0" statements="0" coveredstatements="0" elements="0" coveredelements="0"/>
        </class>
        <metrics loc="24" ncloc="23" classes="0" methods="0" coveredmethods="0" conditionals="0" coveredconditionals="0" statements="0" coveredstatements="0" elements="0" coveredelements="0"/>
      </file>
    </package>
    <package name="App\Providers">
      <file name="C:\Mgahed\projects\wamp64\www\getpayin\flashSaleCheckout\app\Providers\AppServiceProvider.php">
        <class name="App\Providers\AppServiceProvider" namespace="App\Providers">
          <metrics complexity="2" methods="2" coveredmethods="2" conditionals="0" coveredconditionals="0" statements="2" coveredstatements="2" elements="4" coveredelements="4"/>
        </class>
        <line num="12" type="method" name="register" visibility="public" complexity="1" crap="1" count="41"/>
        <line num="15" type="stmt" count="41"/>
        <line num="20" type="method" name="boot" visibility="public" complexity="1" crap="1" count="41"/>
        <line num="23" type="stmt" count="41"/>
        <metrics loc="25" ncloc="17" classes="1" methods="2" coveredmethods="2" conditionals="0" coveredconditionals="0" statements="2" coveredstatements="2" elements="4" coveredelements="4"/>
      </file>
      <file name="C:\Mgahed\projects\wamp64\www\getpayin\flashSaleCheckout\app\Providers\ServiceBindingProvider.php">
        <class name="App\Providers\ServiceBindingProvider" namespace="App\Providers">
          <metrics complexity="2" methods="2" coveredmethods="2" conditionals="0" coveredconditionals="0" statements="5" coveredstatements="5" elements="7" coveredelements="7"/>
        </class>
        <line num="20" type="method" name="register" visibility="public" complexity="1" crap="1" count="41"/>
        <line num="22" type="stmt" count="41"/>
        <line num="23" type="stmt" count="41"/>
        <line num="24" type="stmt" count="41"/>
        <line num="25" type="stmt" count="41"/>
        <line num="31" type="method" name="boot" visibility="public" complexity="1" crap="1" count="41"/>
        <line num="34" type="stmt" count="41"/>
        <metrics loc="37" ncloc="30" classes="1" methods="2" coveredmethods="2" conditionals="0" coveredconditionals="0" statements="5" coveredstatements="5" elements="7" coveredelements="7"/>
      </file>
    </package>
    <package name="App\Services">
      <file name="C:\Mgahed\projects\wamp64\www\getpayin\flashSaleCheckout\app\Services\HoldService.php">
        <class name="App\Services\HoldService" namespace="App\Services">
          <metrics complexity="20" methods="6" coveredmethods="3" conditionals="0" coveredconditionals="0" statements="110" coveredstatements="80" elements="116" coveredelements="83"/>
        </class>
        <line num="18" type="method" name="__construct" visibility="public" complexity="1" crap="1" count="38"/>
        <line num="20" type="stmt" count="38"/>
        <line num="25" type="method" name="createHold" visibility="public" complexity="6" crap="15.28" count="27"/>
        <line num="27" type="stmt" count="27"/>
        <line num="28" type="stmt" count="0"/>
        <line num="31" type="stmt" count="27"/>
        <line num="32" type="stmt" count="27"/>
        <line num="34" type="stmt" count="27"/>
        <line num="36" type="stmt" count="27"/>
        <line num="37" type="stmt" count="27"/>
        <line num="38" type="stmt" count="27"/>
        <line num="39" type="stmt" count="17"/>
        <line num="41" type="stmt" count="0"/>
        <line num="42" type="stmt" count="0"/>
        <line num="43" type="stmt" count="0"/>
        <line num="44" type="stmt" count="0"/>
        <line num="45" type="stmt" count="0"/>
        <line num="46" type="stmt" count="0"/>
        <line num="47" type="stmt" count="0"/>
        <line num="49" type="stmt" count="0"/>
        <line num="50" type="stmt" count="0"/>
        <line num="54" type="stmt" count="0"/>
        <line num="55" type="stmt" count="0"/>
        <line num="57" type="stmt" count="0"/>
        <line num="61" type="stmt" count="0"/>
        <line num="67" type="method" name="createHoldWithLock" visibility="private" complexity="4" crap="4" count="27"/>
        <line num="69" type="stmt" count="27"/>
        <line num="71" type="stmt" count="27"/>
        <line num="75" type="stmt" count="27"/>
        <line num="78" type="stmt" count="27"/>
        <line num="79" type="stmt" count="27"/>
        <line num="82" type="stmt" count="27"/>
        <line num="83" type="stmt" count="5"/>
        <line num="84" type="stmt" count="5"/>
        <line num="86" type="stmt" count="5"/>
        <line num="87" type="stmt" count="5"/>
        <line num="88" type="stmt" count="5"/>
        <line num="89" type="stmt" count="5"/>
        <line num="90" type="stmt" count="5"/>
        <line num="94" type="stmt" count="27"/>
        <line num="95" type="stmt" count="17"/>
        <line num="96" type="stmt" count="17"/>
        <line num="97" type="stmt" count="17"/>
        <line num="98" type="stmt" count="17"/>
        <line num="99" type="stmt" count="17"/>
        <line num="100" type="stmt" count="17"/>
        <line num="104" type="stmt" count="24"/>
        <line num="105" type="stmt" count="24"/>
        <line num="106" type="stmt" count="24"/>
        <line num="107" type="stmt" count="24"/>
        <line num="108" type="stmt" count="24"/>
        <line num="109" type="stmt" count="24"/>
        <line num="110" type="stmt" count="24"/>
        <line num="111" type="stmt" count="24"/>
        <line num="114" type="stmt" count="24"/>
        <line num="116" type="stmt" count="24"/>
        <line num="117" type="stmt" count="24"/>
        <line num="118" type="stmt" count="24"/>
        <line num="119" type="stmt" count="24"/>
        <line num="120" type="stmt" count="24"/>
        <line num="121" type="stmt" count="24"/>
        <line num="122" type="stmt" count="24"/>
        <line num="124" type="stmt" count="24"/>
        <line num="125" type="stmt" count="27"/>
        <line num="131" type="method" name="releaseHold" visibility="public" complexity="7" crap="8.94" count="7"/>
        <line num="133" type="stmt" count="7"/>
        <line num="136" type="stmt" count="7"/>
        <line num="137" type="stmt" count="7"/>
        <line num="138" type="stmt" count="7"/>
        <line num="140" type="stmt" count="7"/>
        <line num="141" type="stmt" count="0"/>
        <line num="142" type="stmt" count="0"/>
        <line num="146" type="stmt" count="7"/>
        <line num="147" type="stmt" count="5"/>
        <line num="148" type="stmt" count="5"/>
        <line num="149" type="stmt" count="5"/>
        <line num="150" type="stmt" count="5"/>
        <line num="151" type="stmt" count="5"/>
        <line num="152" type="stmt" count="5"/>
        <line num="156" type="stmt" count="2"/>
        <line num="157" type="stmt" count="2"/>
        <line num="160" type="stmt" count="2"/>
        <line num="161" type="stmt" count="2"/>
        <line num="164" type="stmt" count="2"/>
        <line num="165" type="stmt" count="2"/>
        <line num="166" type="stmt" count="2"/>
        <line num="167" type="stmt" count="2"/>
        <line num="170" type="stmt" count="0"/>
        <line num="172" type="stmt" count="2"/>
        <line num="173" type="stmt" count="0"/>
        <line num="175" type="stmt" count="0"/>
        <line num="176" type="stmt" count="0"/>
        <line num="177" type="stmt" count="0"/>
        <line num="178" type="stmt" count="0"/>
        <line num="179" type="stmt" count="0"/>
        <line num="182" type="stmt" count="2"/>
        <line num="183" type="stmt" count="2"/>
        <line num="184" type="stmt" count="2"/>
        <line num="185" type="stmt" count="2"/>
        <line num="186" type="stmt" count="2"/>
        <line num="188" type="stmt" count="2"/>
        <line num="189" type="stmt" count="7"/>
        <line num="190" type="stmt" count="7"/>
        <line num="191" type="stmt" count="0"/>
        <line num="192" type="stmt" count="0"/>
        <line num="193" type="stmt" count="0"/>
        <line num="194" type="stmt" count="0"/>
        <line num="195" type="stmt" count="0"/>
        <line num="196" type="stmt" count="0"/>
        <line num="203" type="method" name="getExpiredHolds" visibility="public" complexity="1" crap="1" count="1"/>
        <line num="205" type="stmt" count="1"/>
        <line num="206" type="stmt" count="1"/>
        <line num="207" type="stmt" count="1"/>
        <line num="208" type="stmt" count="1"/>
        <line num="214" type="method" name="isDeadlock" visibility="private" complexity="1" crap="2" count="0"/>
        <line num="216" type="stmt" count="0"/>
        <metrics loc="220" ncloc="189" classes="1" methods="6" coveredmethods="3" conditionals="0" coveredconditionals="0" statements="110" coveredstatements="80" elements="116" coveredelements="83"/>
      </file>
      <file name="C:\Mgahed\projects\wamp64\www\getpayin\flashSaleCheckout\app\Services\OrderService.php">
        <class name="App\Services\OrderService" namespace="App\Services">
          <metrics complexity="10" methods="4" coveredmethods="2" conditionals="0" coveredconditionals="0" statements="60" coveredstatements="55" elements="64" coveredelements="57"/>
        </class>
        <line num="12" type="method" name="__construct" visibility="public" complexity="1" crap="1" count="22"/>
        <line num="14" type="stmt" count="22"/>
        <line num="19" type="method" name="createOrderFromHold" visibility="public" complexity="4" crap="4" count="18"/>
        <line num="21" type="stmt" count="18"/>
        <line num="23" type="stmt" count="18"/>
        <line num="26" type="stmt" count="18"/>
        <line num="27" type="stmt" count="3"/>
        <line num="28" type="stmt" count="2"/>
        <line num="30" type="stmt" count="3"/>
        <line num="31" type="stmt" count="3"/>
        <line num="32" type="stmt" count="3"/>
        <line num="33" type="stmt" count="3"/>
        <line num="35" type="stmt" count="3"/>
        <line num="39" type="stmt" count="15"/>
        <line num="40" type="stmt" count="15"/>
        <line num="43" type="stmt" count="15"/>
        <line num="44" type="stmt" count="15"/>
        <line num="45" type="stmt" count="15"/>
        <line num="46" type="stmt" count="15"/>
        <line num="47" type="stmt" count="15"/>
        <line num="48" type="stmt" count="15"/>
        <line num="50" type="stmt" count="15"/>
        <line num="51" type="stmt" count="15"/>
        <line num="52" type="stmt" count="15"/>
        <line num="53" type="stmt" count="15"/>
        <line num="54" type="stmt" count="15"/>
        <line num="56" type="stmt" count="15"/>
        <line num="57" type="stmt" count="18"/>
        <line num="63" type="method" name="markOrderAsPaid" visibility="public" complexity="2" crap="2.01" count="10"/>
        <line num="65" type="stmt" count="10"/>
        <line num="66" type="stmt" count="10"/>
        <line num="68" type="stmt" count="10"/>
        <line num="69" type="stmt" count="0"/>
        <line num="70" type="stmt" count="0"/>
        <line num="73" type="stmt" count="10"/>
        <line num="74" type="stmt" count="10"/>
        <line num="77" type="stmt" count="10"/>
        <line num="78" type="stmt" count="10"/>
        <line num="79" type="stmt" count="10"/>
        <line num="80" type="stmt" count="10"/>
        <line num="82" type="stmt" count="10"/>
        <line num="83" type="stmt" count="10"/>
        <line num="84" type="stmt" count="10"/>
        <line num="85" type="stmt" count="10"/>
        <line num="86" type="stmt" count="10"/>
        <line num="88" type="stmt" count="10"/>
        <line num="89" type="stmt" count="10"/>
        <line num="95" type="method" name="cancelOrder" visibility="public" complexity="3" crap="3.06" count="6"/>
        <line num="97" type="stmt" count="6"/>
        <line num="98" type="stmt" count="6"/>
        <line num="100" type="stmt" count="6"/>
        <line num="101" type="stmt" count="0"/>
        <line num="102" type="stmt" count="0"/>
        <line num="105" type="stmt" count="6"/>
        <line num="106" type="stmt" count="0"/>
        <line num="109" type="stmt" count="6"/>
        <line num="110" type="stmt" count="6"/>
        <line num="113" type="stmt" count="6"/>
        <line num="115" type="stmt" count="6"/>
        <line num="116" type="stmt" count="6"/>
        <line num="117" type="stmt" count="6"/>
        <line num="118" type="stmt" count="6"/>
        <line num="120" type="stmt" count="6"/>
        <line num="121" type="stmt" count="6"/>
        <metrics loc="125" ncloc="110" classes="1" methods="4" coveredmethods="2" conditionals="0" coveredconditionals="0" statements="60" coveredstatements="55" elements="64" coveredelements="57"/>
      </file>
      <file name="C:\Mgahed\projects\wamp64\www\getpayin\flashSaleCheckout\app\Services\PaymentWebhookService.php">
        <class name="App\Services\PaymentWebhookService" namespace="App\Services">
          <metrics complexity="20" methods="4" coveredmethods="1" conditionals="0" coveredconditionals="0" statements="100" coveredstatements="68" elements="104" coveredelements="69"/>
        </class>
        <line num="12" type="method" name="__construct" visibility="public" complexity="1" crap="1" count="22"/>
        <line num="14" type="stmt" count="22"/>
        <line num="19" type="method" name="handlePaymentWebhook" visibility="public" complexity="8" crap="8.93" count="15"/>
        <line num="21" type="stmt" count="15"/>
        <line num="22" type="stmt" count="15"/>
        <line num="23" type="stmt" count="15"/>
        <line num="25" type="stmt" count="15"/>
        <line num="26" type="stmt" count="0"/>
        <line num="31" type="stmt" count="15"/>
        <line num="33" type="stmt" count="15"/>
        <line num="35" type="stmt" count="15"/>
        <line num="36" type="stmt" count="1"/>
        <line num="37" type="stmt" count="1"/>
        <line num="38" type="stmt" count="1"/>
        <line num="39" type="stmt" count="1"/>
        <line num="41" type="stmt" count="1"/>
        <line num="42" type="stmt" count="1"/>
        <line num="43" type="stmt" count="1"/>
        <line num="44" type="stmt" count="1"/>
        <line num="48" type="stmt" count="15"/>
        <line num="50" type="stmt" count="15"/>
        <line num="52" type="stmt" count="1"/>
        <line num="53" type="stmt" count="1"/>
        <line num="54" type="stmt" count="1"/>
        <line num="55" type="stmt" count="1"/>
        <line num="58" type="stmt" count="1"/>
        <line num="59" type="stmt" count="1"/>
        <line num="60" type="stmt" count="1"/>
        <line num="61" type="stmt" count="1"/>
        <line num="62" type="stmt" count="1"/>
        <line num="63" type="stmt" count="1"/>
        <line num="65" type="stmt" count="1"/>
        <line num="66" type="stmt" count="1"/>
        <line num="67" type="stmt" count="1"/>
        <line num="68" type="stmt" count="1"/>
        <line num="72" type="stmt" count="14"/>
        <line num="73" type="stmt" count="15"/>
        <line num="75" type="stmt" count="15"/>
        <line num="76" type="stmt" count="0"/>
        <line num="78" type="stmt" count="0"/>
        <line num="79" type="stmt" count="0"/>
        <line num="80" type="stmt" count="0"/>
        <line num="81" type="stmt" count="0"/>
        <line num="83" type="stmt" count="0"/>
        <line num="84" type="stmt" count="0"/>
        <line num="85" type="stmt" count="0"/>
        <line num="86" type="stmt" count="0"/>
        <line num="89" type="stmt" count="0"/>
        <line num="96" type="method" name="processWebhook" visibility="private" complexity="3" crap="3" count="14"/>
        <line num="99" type="stmt" count="14"/>
        <line num="100" type="stmt" count="14"/>
        <line num="101" type="stmt" count="14"/>
        <line num="102" type="stmt" count="14"/>
        <line num="103" type="stmt" count="14"/>
        <line num="104" type="stmt" count="14"/>
        <line num="106" type="stmt" count="14"/>
        <line num="107" type="stmt" count="10"/>
        <line num="109" type="stmt" count="10"/>
        <line num="110" type="stmt" count="10"/>
        <line num="111" type="stmt" count="10"/>
        <line num="112" type="stmt" count="10"/>
        <line num="114" type="stmt" count="10"/>
        <line num="115" type="stmt" count="10"/>
        <line num="116" type="stmt" count="10"/>
        <line num="117" type="stmt" count="10"/>
        <line num="118" type="stmt" count="10"/>
        <line num="119" type="stmt" count="6"/>
        <line num="120" type="stmt" count="6"/>
        <line num="122" type="stmt" count="6"/>
        <line num="123" type="stmt" count="6"/>
        <line num="124" type="stmt" count="6"/>
        <line num="125" type="stmt" count="6"/>
        <line num="127" type="stmt" count="6"/>
        <line num="128" type="stmt" count="6"/>
        <line num="129" type="stmt" count="6"/>
        <line num="130" type="stmt" count="6"/>
        <line num="131" type="stmt" count="6"/>
        <line num="134" type="stmt" count="0"/>
        <line num="141" type="method" name="reconcilePendingWebhooks" visibility="public" complexity="8" crap="40.77" count="15"/>
        <line num="143" type="stmt" count="15"/>
        <line num="144" type="stmt" count="15"/>
        <line num="146" type="stmt" count="15"/>
        <line num="147" type="stmt" count="1"/>
        <line num="149" type="stmt" count="1"/>
        <line num="150" type="stmt" count="0"/>
        <line num="151" type="stmt" count="0"/>
        <line num="152" type="stmt" count="0"/>
        <line num="153" type="stmt" count="0"/>
        <line num="156" type="stmt" count="0"/>
        <line num="157" type="stmt" count="0"/>
        <line num="159" type="stmt" count="0"/>
        <line num="160" type="stmt" count="0"/>
        <line num="163" type="stmt" count="0"/>
        <line num="164" type="stmt" count="0"/>
        <line num="167" type="stmt" count="0"/>
        <line num="168" type="stmt" count="0"/>
        <line num="169" type="stmt" count="0"/>
        <line num="170" type="stmt" count="0"/>
        <line num="173" type="stmt" count="0"/>
        <line num="174" type="stmt" count="0"/>
        <line num="175" type="stmt" count="0"/>
        <line num="176" type="stmt" count="0"/>
        <line num="177" type="stmt" count="0"/>
        <line num="178" type="stmt" count="0"/>
        <metrics loc="185" ncloc="165" classes="1" methods="4" coveredmethods="1" conditionals="0" coveredconditionals="0" statements="100" coveredstatements="68" elements="104" coveredelements="69"/>
      </file>
      <file name="C:\Mgahed\projects\wamp64\www\getpayin\flashSaleCheckout\app\Services\ProductService.php">
        <class name="App\Services\ProductService" namespace="App\Services">
          <metrics complexity="6" methods="5" coveredmethods="5" conditionals="0" coveredconditionals="0" statements="27" coveredstatements="27" elements="32" coveredelements="32"/>
        </class>
        <line num="17" type="method" name="getProductWithStock" visibility="public" complexity="1" crap="1" count="4"/>
        <line num="19" type="stmt" count="4"/>
        <line num="20" type="stmt" count="3"/>
        <line num="22" type="stmt" count="3"/>
        <line num="23" type="stmt" count="3"/>
        <line num="24" type="stmt" count="3"/>
        <line num="25" type="stmt" count="3"/>
        <line num="26" type="stmt" count="3"/>
        <line num="27" type="stmt" count="3"/>
        <line num="28" type="stmt" count="3"/>
        <line num="29" type="stmt" count="3"/>
        <line num="35" type="method" name="getAvailableStock" visibility="public" complexity="2" crap="2" count="3"/>
        <line num="37" type="stmt" count="3"/>
        <line num="39" type="stmt" count="3"/>
        <line num="41" type="stmt" count="3"/>
        <line num="42" type="stmt" count="2"/>
        <line num="43" type="stmt" count="2"/>
        <line num="46" type="stmt" count="3"/>
        <line num="52" type="method" name="refreshCachedStock" visibility="public" complexity="1" crap="1" count="2"/>
        <line num="54" type="stmt" count="2"/>
        <line num="55" type="stmt" count="2"/>
        <line num="57" type="stmt" count="2"/>
        <line num="58" type="stmt" count="2"/>
        <line num="60" type="stmt" count="2"/>
        <line num="61" type="stmt" count="2"/>
        <line num="62" type="stmt" count="2"/>
        <line num="63" type="stmt" count="2"/>
        <line num="65" type="stmt" count="2"/>
        <line num="71" type="method" name="getStockCacheKey" visibility="private" complexity="1" crap="1" count="3"/>
        <line num="73" type="stmt" count="3"/>
        <line num="79" type="method" name="getLockKey" visibility="public" complexity="1" crap="1" count="29"/>
        <line num="81" type="stmt" count="29"/>
        <metrics loc="85" ncloc="69" classes="1" methods="5" coveredmethods="5" conditionals="0" coveredconditionals="0" statements="27" coveredstatements="27" elements="32" coveredelements="32"/>
      </file>
    </package>
    <file name="C:\Mgahed\projects\wamp64\www\getpayin\flashSaleCheckout\app\Services\HoldServiceInterface.php">
      <metrics loc="36" ncloc="16" classes="0" methods="0" coveredmethods="0" conditionals="0" coveredconditionals="0" statements="0" coveredstatements="0" elements="0" coveredelements="0"/>
    </file>
    <file name="C:\Mgahed\projects\wamp64\www\getpayin\flashSaleCheckout\app\Services\OrderServiceInterface.php">
      <metrics loc="35" ncloc="16" classes="0" methods="0" coveredmethods="0" conditionals="0" coveredconditionals="0" statements="0" coveredstatements="0" elements="0" coveredelements="0"/>
    </file>
    <file name="C:\Mgahed\projects\wamp64\www\getpayin\flashSaleCheckout\app\Services\PaymentWebhookServiceInterface.php">
      <metrics loc="16" ncloc="10" classes="0" methods="0" coveredmethods="0" conditionals="0" coveredconditionals="0" statements="0" coveredstatements="0" elements="0" coveredelements="0"/>
    </file>
    <file name="C:\Mgahed\projects\wamp64\www\getpayin\flashSaleCheckout\app\Services\ProductServiceInterface.php">
      <metrics loc="34" ncloc="16" classes="0" methods="0" coveredmethods="0" conditionals="0" coveredconditionals="0" statements="0" coveredstatements="0" elements="0" coveredelements="0"/>
    </file>
    <metrics files="22" loc="1346" ncloc="1102" classes="16" methods="43" coveredmethods="28" conditionals="0" coveredconditionals="0" statements="429" coveredstatements="339" elements="472" coveredelements="367"/>
  </project>
</coverage>
